Fri Mar  3 20:52:10 2023 [2756][1][SECURITY] OutboundEmail::checkSavePermissions - not logged in - skipping check
Fri Mar  3 20:52:10 2023 [2756][1][FATAL] User update error: Temp User is not retrieved at ID 1, boolean given
Fri Mar  3 20:52:10 2023 [2756][1][FATAL] Email address save error
Fri Mar  3 20:52:42 2023 [2756][1][FATAL] User update error: Temp User is not retrieved at ID seed_jim_id, boolean given
Fri Mar  3 20:52:42 2023 [2756][1][FATAL] Email address save error
Fri Mar  3 20:52:42 2023 [2756][1][FATAL] User update error: Temp User is not retrieved at ID seed_sarah_id, boolean given
Fri Mar  3 20:52:42 2023 [2756][1][FATAL] Email address save error
Fri Mar  3 20:52:43 2023 [2756][1][FATAL] User update error: Temp User is not retrieved at ID seed_sally_id, boolean given
Fri Mar  3 20:52:43 2023 [2756][1][FATAL] Email address save error
Fri Mar  3 20:52:43 2023 [2756][1][FATAL] User update error: Temp User is not retrieved at ID seed_max_id, boolean given
Fri Mar  3 20:52:43 2023 [2756][1][FATAL] Email address save error
Fri Mar  3 20:52:43 2023 [2756][1][FATAL] User update error: Temp User is not retrieved at ID seed_will_id, boolean given
Fri Mar  3 20:52:43 2023 [2756][1][FATAL] Email address save error
Fri Mar  3 20:52:43 2023 [2756][1][FATAL] User update error: Temp User is not retrieved at ID seed_chris_id, boolean given
Fri Mar  3 20:52:44 2023 [2756][1][FATAL] Email address save error
Fri Mar  3 20:54:09 2023 [2756][1][SECURITY] Invalid ext  logger_file_ext : ''.
Fri Mar  3 20:54:09 2023 [2756][1][SECURITY] Setting logger_file_ext to '.log'.
Fri Mar  3 20:54:09 2023 [2756][1][SECURITY] Setting logger_file_name to ''.
Fri Mar  3 20:54:09 2023 [2756][1][SECURITY] Log file extension can't be blank.
Fri Mar  3 20:54:09 2023 [2756][1][SECURITY] Setting logger_file_name to ''.
Fri Mar  3 20:54:09 2023 [2756][1][SECURITY] Log file extension can't be blank.
